"../../../../../Dev/UnrealProjects/Maze/Content/StarterContent/Materials/M_Basic_Wall.uasset" 0
"../../../../../Dev/UnrealProjects/Maze/Content/StarterContent/Architecture/Pillar_50x500.uasset" 1
"../../../../../Dev/UnrealProjects/Maze/Content/StarterContent/Architecture/Wall_400x300.uasset" 2
"../../../../../Dev/UnrealProjects/Maze/Content/StarterContent/Architecture/Wall_400x400.uasset" 3
"../../../../../Dev/UnrealProjects/Maze/Content/StarterContent/Architecture/Wall_500x500.uasset" 4
"../../../../../Dev/UnrealProjects/Maze/Content/StarterContent/Architecture/Wall_Door_400x400.uasset" 5
"../../../../../Dev/UnrealProjects/Maze/Content/StarterContent/Architecture/Wall_Window_400x400.uasset" 6
"../../../../../Dev/UnrealProjects/Maze/Content/StarterContent/Audio/Collapse01.uasset" 7
"../../../../../Dev/UnrealProjects/Maze/Content/StarterContent/Audio/Collapse02.uasset" 8
"../../../../../Dev/UnrealProjects/Maze/Content/StarterContent/Audio/Explosion01.uasset" 9
"../../../../../Dev/UnrealProjects/Maze/Content/StarterContent/Audio/Explosion02.uasset" 10
"../../../../../Dev/UnrealProjects/Maze/Content/StarterContent/Audio/Fire01.uasset" 11
"../../../../../Dev/UnrealProjects/Maze/Content/StarterContent/Audio/Fire_Sparks01.uasset" 12
"../../../../../Dev/UnrealProjects/Maze/Content/StarterContent/Audio/Light01.uasset" 13
"../../../../../Dev/UnrealProjects/Maze/Content/StarterContent/Audio/Light01_Cue.uasset" 14
"../../../../../Dev/UnrealProjects/Maze/Content/StarterContent/Audio/Light02.uasset" 15
"../../../../../Dev/UnrealProjects/Maze/Content/StarterContent/Audio/Light02_Cue.uasset" 16
"../../../../../Dev/UnrealProjects/Maze/Content/StarterContent/Audio/Smoke01.uasset" 17
"../../../../../Dev/UnrealProjects/Maze/Content/StarterContent/Audio/Starter_Birds01.uasset" 18
"../../../../../Dev/UnrealProjects/Maze/Content/StarterContent/Audio/Starter_Music01.uasset" 19
"../../../../../Dev/UnrealProjects/Maze/Content/StarterContent/Audio/Starter_Wind05.uasset" 20
"../../../../../Dev/UnrealProjects/Maze/Content/StarterContent/Audio/Starter_Wind06.uasset" 21
"../../../../../Dev/UnrealProjects/Maze/Content/StarterContent/Audio/Steam01.uasset" 22
"../../../../../Dev/UnrealProjects/Maze/Content/StarterContent/Audio/Explosion_Cue.uasset" 23
"../../../../../Dev/UnrealProjects/Maze/Content/StarterContent/Textures/T_Smoke_Tiled_D.uasset" 24
"../../../../../Dev/UnrealProjects/Maze/Content/StarterContent/Textures/T_Smoke_SubUV.uasset" 25
"../../../../../Dev/UnrealProjects/Maze/Content/StarterContent/Particles/Materials/M_smoke_subUV.uasset" 26
"../../../Engine/Content/Functions/Engine_MaterialFunctions01/Gradient/RadialGradient.uasset" 27
"../../../../../Dev/UnrealProjects/Maze/Content/StarterContent/Particles/Materials/M_radial_ramp.uasset" 28
"../../../../../Dev/UnrealProjects/Maze/Content/StarterContent/Particles/Materials/m_flare_01.uasset" 29
"../../../../../Dev/UnrealProjects/Maze/Content/StarterContent/Textures/T_Explosion_SubUV.uasset" 30
"../../../../../Dev/UnrealProjects/Maze/Content/StarterContent/Particles/Materials/M_explosion_subUV.uasset" 31
"../../../../../Dev/UnrealProjects/Maze/Content/StarterContent/Textures/T_Burst_M.uasset" 32
"../../../../../Dev/UnrealProjects/Maze/Content/StarterContent/Particles/Materials/M_Burst.uasset" 33
"../../../../../Dev/UnrealProjects/Maze/Content/StarterContent/Particles/P_Explosion.uasset" 34
"../../../../../Dev/UnrealProjects/Maze/Content/StarterContent/Blueprints/Blueprint_Effect_Explosion.uasset" 35
"../../../Engine/Content/EditorMeshes/ColorCalibrator/T_ColorGrid.uasset" 36
"../../../../../Dev/UnrealProjects/Maze/Content/StarterContent/Materials/M_ColorGrid_LowSpec.uasset" 37
"../../../../../Dev/UnrealProjects/Maze/Content/StarterContent/Textures/T_Bush_N.uasset" 38
"../../../../../Dev/UnrealProjects/Maze/Content/StarterContent/Textures/T_Bush_D.uasset" 39
"../../../../../Dev/UnrealProjects/Maze/Content/StarterContent/Props/Materials/M_Bush.uasset" 40
"../../../../../Dev/UnrealProjects/Maze/Content/StarterContent/Props/SM_Bush.uasset" 41
"../../../../../Dev/UnrealProjects/Maze/Content/StarterContent/Textures/T_Chair_N.uasset" 42
"../../../../../Dev/UnrealProjects/Maze/Content/StarterContent/Textures/T_Chair_M.uasset" 43
"../../../../../Dev/UnrealProjects/Maze/Content/StarterContent/Props/Materials/M_Chair.uasset" 44
"../../../../../Dev/UnrealProjects/Maze/Content/StarterContent/Props/SM_Couch.uasset" 45
"../../../../../Dev/UnrealProjects/Maze/Content/StarterContent/Textures/T_Door_N.uasset" 46
"../../../../../Dev/UnrealProjects/Maze/Content/StarterContent/Textures/T_Door_M.uasset" 47
"../../../../../Dev/UnrealProjects/Maze/Content/StarterContent/Props/Materials/M_Door.uasset" 48
"../../../../../Dev/UnrealProjects/Maze/Content/StarterContent/Materials/M_Glass.uasset" 49
"../../../../../Dev/UnrealProjects/Maze/Content/StarterContent/Props/SM_Door.uasset" 50
"../../../../../Dev/UnrealProjects/Maze/Content/StarterContent/Props/Materials/M_MaterialSphere_Plain.uasset" 51
"../../../../../Dev/UnrealProjects/Maze/Content/StarterContent/Props/Materials/M_MaterialSphere.uasset" 52
"../../../../../Dev/UnrealProjects/Maze/Content/StarterContent/Props/SM_MatPreviewMesh_02.uasset" 53
"../../../../../Dev/UnrealProjects/Maze/Content/StarterContent/Textures/T_RockMesh_N.uasset" 54
"../../../../../Dev/UnrealProjects/Maze/Content/StarterContent/Textures/T_RockMesh_M.uasset" 55
"../../../../../Dev/UnrealProjects/Maze/Content/StarterContent/Textures/T_Rock_Basalt_D.uasset" 56
"../../../Engine/Content/Functions/Engine_MaterialFunctions02/Utility/BlendAngleCorrectedNormals.uasset" 57
"../../../../../Dev/UnrealProjects/Maze/Content/StarterContent/Textures/T_Detail_Rocky_N.uasset" 58
"../../../../../Dev/UnrealProjects/Maze/Content/StarterContent/Props/Materials/M_Rock.uasset" 59
"../../../../../Dev/UnrealProjects/Maze/Content/StarterContent/Props/SM_Rock.uasset" 60
"../../../../../Dev/UnrealProjects/Maze/Content/StarterContent/Textures/T_Shelf_N.uasset" 61
"../../../../../Dev/UnrealProjects/Maze/Content/StarterContent/Textures/T_Shelf_M.uasset" 62
"../../../../../Dev/UnrealProjects/Maze/Content/StarterContent/Props/Materials/M_Shelf.uasset" 63
"../../../../../Dev/UnrealProjects/Maze/Content/StarterContent/Props/SM_Shelf.uasset" 64
"../../../../../Dev/UnrealProjects/Maze/Content/StarterContent/Materials/M_Basic_Floor.uasset" 65
"../../../../../Dev/UnrealProjects/Maze/Content/StarterContent/Props/SM_Stairs.uasset" 66
"../../../../../Dev/UnrealProjects/Maze/Content/StarterContent/Shapes/Shape_Cone.uasset" 67
"../../../../../Dev/UnrealProjects/Maze/Content/StarterContent/Shapes/Shape_Cylinder.uasset" 68
"../../../../../Dev/UnrealProjects/Maze/Content/StarterContent/Shapes/Shape_NarrowCapsule.uasset" 69
"../../../../../Dev/UnrealProjects/Maze/Content/StarterContent/Shapes/Shape_Pipe.uasset" 70
"../../../../../Dev/UnrealProjects/Maze/Content/StarterContent/Shapes/Shape_Pipe_180.uasset" 71
"../../../../../Dev/UnrealProjects/Maze/Content/StarterContent/Shapes/Shape_Pipe_90.uasset" 72
"../../../../../Dev/UnrealProjects/Maze/Content/StarterContent/Shapes/Shape_Plane.uasset" 73
"../../../../../Dev/UnrealProjects/Maze/Content/StarterContent/Shapes/Shape_Torus.uasset" 74
"../../../../../Dev/UnrealProjects/Maze/Content/StarterContent/Shapes/Shape_Trim.uasset" 75
"../../../../../Dev/UnrealProjects/Maze/Content/StarterContent/Shapes/Shape_Trim_90_In.uasset" 76
"../../../../../Dev/UnrealProjects/Maze/Content/StarterContent/Shapes/Shape_Trim_90_Out.uasset" 77
"../../../../../Dev/UnrealProjects/Maze/Content/StarterContent/Shapes/Shape_TriPyramid.uasset" 78
"../../../../../Dev/UnrealProjects/Maze/Content/StarterContent/Shapes/Shape_Tube.uasset" 79
"../../../../../Dev/UnrealProjects/Maze/Content/StarterContent/Shapes/Shape_Wedge_A.uasset" 80
"../../../../../Dev/UnrealProjects/Maze/Content/StarterContent/Shapes/Shape_Wedge_B.uasset" 81
"../../../../../Dev/UnrealProjects/Maze/Content/StarterContent/Shapes/Shape_WideCapsule.uasset" 82
"../../../../../Dev/UnrealProjects/Maze/Content/Sounds/Footstep_SFX.uasset" 83
"../../../../../Dev/UnrealProjects/Maze/Content/UI/Textures/skull_t.uasset" 84
"../../../../../Dev/UnrealProjects/Maze/Content/UI/Textures/heartfull_t.uasset" 85
"../../../../../Dev/UnrealProjects/Maze/Content/UI/Textures/heartempty_t.uasset" 86
"../../../Engine/Content/EditorBlueprintResources/StandardMacros.uasset" 87
"../../../../../Dev/UnrealProjects/Maze/Content/UI/HeadsUpDisplay.uasset" 88
"../../../../../Dev/UnrealProjects/Maze/Content/Player/PlayerCharacter.uasset" 89
"../../../../../Dev/UnrealProjects/Maze/Content/GameSettings/SaveGameObject.uasset" 90
"../../../../../Dev/UnrealProjects/Maze/Content/GameSettings/MazeGameInstance.uasset" 91
"../../../../../Dev/UnrealProjects/Maze/Content/UI/WinScreen.uasset" 92
"../../../../../Dev/UnrealProjects/Maze/Content/UI/LoseScreen.uasset" 93
"../../../../../Dev/UnrealProjects/Maze/Content/GameSettings/MazeGameMode.uasset" 94
"../../../../../Dev/UnrealProjects/Maze/Content/Sounds/PickupSkull_SFX.uasset" 95
"../../../../../Dev/UnrealProjects/Maze/Content/Materials/Wall_Mat.uasset" 96
"../../../../../Dev/UnrealProjects/Maze/Content/Meshes/keyplatform_mesh.uasset" 97
"../../../../../Dev/UnrealProjects/Maze/Content/Materials/Gold_Material.uasset" 98
"../../../../../Dev/UnrealProjects/Maze/Content/Meshes/skull_mesh.uasset" 99
"../../../../../Dev/UnrealProjects/Maze/Content/Blueprints/KeyPlatform_BP.uasset" 100
"../../../../../Dev/UnrealProjects/Maze/Content/Blueprints/KeyPlatform.uasset" 101
"../../../../../Dev/UnrealProjects/Maze/Content/Meshes/DefaultMaterial.uasset" 102
"../../../Engine/Content/EngineMaterials/T_Default_Material_Grid_N.uasset" 103
"../../../Engine/Content/EngineMaterials/T_Default_Material_Grid_M.uasset" 104
"../../../Engine/Content/Functions/Engine_MaterialFunctions01/Opacity/CameraDepthFade.uasset" 105
"../../../Engine/Content/EngineMaterials/WorldGridMaterial.uasset" 106
"../../../Engine/Content/ArtTools/RenderToTexture/Meshes/S_1_Unit_Plane.uasset" 107
"../../../Engine/Content/EngineMaterials/DefaultMaterial.uasset" 108
"../../../Engine/Content/BasicShapes/Cone.uasset" 109
"../../../Engine/Content/BasicShapes/Cube.uasset" 110
"../../../Engine/Content/BasicShapes/Plane.uasset" 111
"../../../Engine/Content/BasicShapes/Sphere.uasset" 112
"../../../Engine/Content/EditorLandscapeResources/DataLayer.uasset" 113
"../../../Engine/Content/EditorLandscapeResources/DefaultAlphaTexture.uasset" 114
"../../../Engine/Content/EditorMaterials/MAT_Groups_Toggle.uasset" 115
"../../../Engine/Content/EditorMaterials/MAT_Groups_Visibility.uasset" 116
"../../../Engine/Content/EditorMaterials/PreviewShadowIndicator.uasset" 117
"../../../Engine/Content/EditorMaterials/PreviewShadowIndicatorMaterial.uasset" 118
"../../../Engine/Content/EditorMaterials/MatineeGroups/MAT_ColorTrack.uasset" 119
"../../../Engine/Content/EditorMaterials/MatineeGroups/MAT_Groups_Anim.uasset" 120
"../../../Engine/Content/EditorMaterials/MatineeGroups/MAT_Groups_AudioMaster.uasset" 121
"../../../Engine/Content/EditorMaterials/MatineeGroups/MAT_Groups_Director.uasset" 122
"../../../Engine/Content/EditorMaterials/MatineeGroups/MAT_Groups_Event.uasset" 123
"../../../Engine/Content/EditorMaterials/MatineeGroups/MAT_Groups_Fade.uasset" 124
"../../../Engine/Content/EditorMaterials/MatineeGroups/MAT_Groups_Float.uasset" 125
"../../../Engine/Content/EditorMaterials/MatineeGroups/MAT_Groups_Move.uasset" 126
"../../../Engine/Content/EditorMaterials/MatineeGroups/MAT_Groups_Slomo.uasset" 127
"../../../Engine/Content/EditorMaterials/MatineeGroups/MAT_Groups_Sound.uasset" 128
"../../../Engine/Content/EditorMaterials/MatineeGroups/MAT_Groups_Vector.uasset" 129
"../../../Engine/Content/EditorMaterials/ParticleSystems/PSysThumbnail_NoImage.uasset" 130
"../../../Engine/Content/EditorMaterials/ParticleSystems/PSysThumbnail_OOD.uasset" 131
"../../../Engine/Content/EditorMaterials/Camera/CineMat.uasset" 132
"../../../Engine/Content/EditorMaterials/Camera/MI_CineMat_Rig.uasset" 133
"../../../Engine/Content/EditorMeshes/Camera/SM_CraneRig_Arm.uasset" 134
"../../../Engine/Content/EditorMeshes/Camera/SM_CraneRig_Base.uasset" 135
"../../../Engine/Content/EditorMeshes/Camera/SM_CraneRig_Body.uasset" 136
"../../../Engine/Content/EditorMeshes/Camera/SM_CraneRig_Mount.uasset" 137
"../../../Engine/Content/EditorMeshes/Camera/SM_RailRig_Mount.uasset" 138
"../../../Engine/Content/EditorMeshes/Camera/SM_RailRig_Track.uasset" 139
"../../../Engine/Content/EditorResources/BSPVertex.uasset" 140
"../../../Engine/Content/EditorResources/EmptyActor.uasset" 141
"../../../Engine/Content/EditorResources/S_Actor.uasset" 142
"../../../Engine/Content/EditorResources/S_Note.uasset" 143
"../../../Engine/Content/EditorResources/S_Solver.uasset" 144
"../../../Engine/Content/EditorResources/S_Terrain.uasset" 145
"../../../Engine/Content/EditorResources/S_Trigger.uasset" 146
"../../../Engine/Content/EditorResources/AudioIcons/S_AudioComponent.uasset" 147
"../../../Engine/Content/EditorResources/AudioIcons/S_AudioComponent_AutoActivate.uasset" 148
"../../../Engine/Content/EditorResources/LightIcons/S_LightError.uasset" 149
"../../../Engine/Content/EditorResources/SequenceRecorder/Countdown.uasset" 150
"../../../Engine/Content/EditorResources/SequenceRecorder/RecordingIndicator.uasset" 151
"../../../Engine/Content/EngineDamageTypes/DmgTypeBP_Environmental.uasset" 152
"../../../Engine/Content/EngineDebugMaterials/DebugEditorMaterial.uasset" 153
"../../../Engine/Content/EngineDebugMaterials/DebugMeshMaterial.uasset" 154
"../../../Engine/Content/EngineDebugMaterials/M_SimpleUnlitTranslucent.uasset" 155
"../../../Engine/Content/EngineDebugMaterials/VolumeToRender.uasset" 156
"../../../Engine/Content/Functions/Engine_MaterialFunctions02/Utility/CameraDirectionVector.uasset" 157
"../../../Engine/Content/EngineDebugMaterials/M_VolumeRenderSphereTracePP.uasset" 158
"../../../Engine/Content/Functions/Engine_MaterialFunctions01/Shading/ConvertFromDiffSpec.uasset" 159
"../../../Engine/Content/EngineDebugMaterials/VertexColorMaterial.uasset" 160
"../../../Engine/Content/EngineDebugMaterials/WireframeMaterial.uasset" 161
"../../../Engine/Content/EngineFonts/Faces/RobotoRegular.uasset" 162
"../../../Engine/Content/EngineFonts/Faces/RobotoLight.uasset" 163
"../../../Engine/Content/EngineFonts/Faces/RobotoItalic.uasset" 164
"../../../Engine/Content/EngineFonts/Faces/RobotoBoldItalic.uasset" 165
"../../../Engine/Content/EngineFonts/Faces/RobotoBold.uasset" 166
"../../../Engine/Content/EngineFonts/Faces/DroidSansFallback.uasset" 167
"../../../Engine/Content/EngineFonts/Roboto.uasset" 168
"../../../Engine/Content/EngineMaterials/BaseFlattenNormalMap.uasset" 169
"../../../Engine/Content/EngineMaterials/BaseFlattenGrayscaleMap.uasset" 170
"../../../Engine/Content/EngineMaterials/BaseFlattenEmissiveMap.uasset" 171
"../../../Engine/Content/EngineMaterials/BaseFlattenDiffuseMap.uasset" 172
"../../../Engine/Content/EngineMaterials/BaseFlattenMaterial.uasset" 173
"../../../Engine/Content/EngineMaterials/BlueNoise.uasset" 174
"../../../Engine/Content/EngineMaterials/DefaultBloomKernel.uasset" 175
"../../../Engine/Content/EngineMaterials/DefaultBokeh.uasset" 176
"../../../Engine/Content/EngineMaterials/DefaultDiffuse.uasset" 177
"../../../Engine/Content/EngineMaterials/DefaultDeferredDecalMaterial.uasset" 178
"../../../Engine/Content/EngineMaterials/DefaultLightFunctionMaterial.uasset" 179
"../../../Engine/Content/EngineMaterials/DefaultPhysicalMaterial.uasset" 180
"../../../Engine/Content/Functions/Engine_MaterialFunctions02/Utility/BreakOutFloat2Components.uasset" 181
"../../../Engine/Content/EngineMaterials/DefaultPostProcessMaterial.uasset" 182
"../../../Engine/Content/EngineFonts/RobotoDistanceField.uasset" 183
"../../../Engine/Content/EngineMaterials/DefaultTextMaterialOpaque.uasset" 184
"../../../Engine/Content/EngineMaterials/DefaultWhiteGrid.uasset" 185
"../../../Engine/Content/EngineMaterials/DefaultWhiteGrid_Low.uasset" 186
"../../../Engine/Content/EngineMaterials/EmissiveMeshMaterial.uasset" 187
"../../../Engine/Content/EngineMaterials/GizmoMaterial.uasset" 188
"../../../Engine/Content/EngineMaterials/Good64x64TilingNoiseHighFreq.uasset" 189
"../../../Engine/Content/EngineMaterials/MiniFont.uasset" 190
"../../../Engine/Content/EngineMaterials/InvalidLightmapSettings.uasset" 191
"../../../Engine/Content/EngineMaterials/M_InvalidLightmapSettings.uasset" 192
"../../../Engine/Content/Functions/Engine_MaterialFunctions02/WorldPositionOffset/CameraOffset.uasset" 193
"../../../Engine/Content/EngineMaterials/PhAT_JointLimitMaterial.uasset" 194
"../../../Engine/Content/EngineMaterials/PreintegratedSkinBRDF.uasset" 195
"../../../Engine/Content/EngineMaterials/RemoveSurfaceMaterial.uasset" 196
"../../../Engine/Content/EngineMaterials/WeightMapPlaceholderTexture.uasset" 197
"../../../Engine/Content/EngineResources/WhiteSquareTexture.uasset" 198
"../../../Engine/Content/EngineMaterials/Widget3DPassThrough.uasset" 199
"../../../Engine/Content/EngineMaterials/Widget3DPassThrough_Masked.uasset" 200
"../../../Engine/Content/EngineMaterials/Widget3DPassThrough_Opaque.uasset" 201
"../../../Engine/Content/EngineMaterials/Widget3DPassThrough_Masked_OneSided.uasset" 202
"../../../Engine/Content/EngineMaterials/Widget3DPassThrough_Opaque_OneSided.uasset" 203
"../../../Engine/Content/EngineMaterials/Widget3DPassThrough_Translucent.uasset" 204
"../../../Engine/Content/EngineMaterials/Widget3DPassThrough_Translucent_OneSided.uasset" 205
"../../../Engine/Content/EngineMeshes/Cylinder.uasset" 206
"../../../Engine/Content/EngineMeshes/Sphere.uasset" 207
"../../../Engine/Content/EngineResources/Black.uasset" 208
"../../../Engine/Content/EngineResources/DefaultTextureCube.uasset" 209
"../../../Engine/Content/EngineResources/DefaultVolumeTexture2D.uasset" 210
"../../../Engine/Content/EngineResources/DefaultVolumeTexture.uasset" 211
"../../../Engine/Content/EngineResources/GradientTexture0.uasset" 212
"../../../Engine/Content/EngineSky/VolumetricClouds/CloudWeatherTexture.uasset" 213
"../../../Engine/Content/EngineSky/VolumetricClouds/CloudGradientTexture.uasset" 214
"../../../Engine/Content/EngineSky/VolumetricClouds/T_NoiseShape64.uasset" 215
"../../../Engine/Content/EngineSky/VolumetricClouds/T_VolumeNoiseShape64.uasset" 216
"../../../Engine/Content/EngineSky/VolumetricClouds/T_NoiseErosion.uasset" 217
"../../../Engine/Content/EngineSky/VolumetricClouds/T_VolumeNoiseErosion32.uasset" 218
"../../../Engine/Content/Functions/Engine_MaterialFunctions02/Utility/MakeFloat2.uasset" 219
"../../../Engine/Content/EngineSky/VolumetricClouds/m_SimpleVolumetricCloud.uasset" 220
"../../../Engine/Content/EngineSky/VolumetricClouds/m_SimpleVolumetricCloud_Inst.uasset" 221
"../../../Engine/Content/EngineSounds/Master.uasset" 222
"../../../Engine/Content/Functions/Engine_MaterialFunctions01/Shading/PowerToRoughness.uasset" 223
"../../../Engine/Content/Maps/Templates/Thumbnails/Default.uasset" 224
"../../../Engine/Content/Maps/Templates/Thumbnails/TimeOfDay.uasset" 225
"../../../Engine/Content/Maps/Templates/Thumbnails/VR-Basic.uasset" 226
"../../../Engine/Content/MobileResources/T_MobileControls_texture.uasset" 227
"../../../Engine/Content/MobileResources/T_MobileMenu2.uasset" 228
"../../../Engine/Content/MobileResources/HUD/AnalogHat.uasset" 229
"../../../Engine/Content/MobileResources/HUD/VirtualJoystick_Thumb.uasset" 230
"../../../Engine/Content/MobileResources/HUD/VirtualJoystick_Background.uasset" 231
"../../../Engine/Content/MobileResources/HUD/DefaultVirtualJoysticks.uasset" 232
"../../../Engine/Content/MobileResources/HUD/LeftVirtualJoystickOnly.uasset" 233
"../../../Engine/Content/MobileResources/HUD/MobileHUDButton1_off.uasset" 234
"../../../Engine/Content/MobileResources/HUD/MobileHUDButton1_on.uasset" 235
"../../../Engine/Content/MobileResources/HUD/MobileHUDButton2_off.uasset" 236
"../../../Engine/Content/MobileResources/HUD/MobileHUDButton2_on.uasset" 237
"../../../Engine/Content/MobileResources/HUD/MobileHUDButton3.uasset" 238
"../../../Engine/Content/MobileResources/HUD/MobileHUDButtonFire.uasset" 239
"../../../Engine/Content/MobileResources/HUD/MobileHUDDirectionPad.uasset" 240
"../../../Engine/Content/MobileResources/HUD/MobileHUDDirectionPad2.uasset" 241
"../../../Engine/Content/MobileResources/HUD/MobileHUDDirectionPad3.uasset" 242
"../../../Engine/Content/MobileResources/HUD/MobileHUDDirectionStick.uasset" 243
"../../../Engine/Content/MobileResources/HUD/T_Castle_ThumbstickInner.uasset" 244
"../../../Engine/Content/MobileResources/HUD/T_Castle_ThumbstickOutter.uasset" 245
"../../../Engine/Content/Tutorial/ContentIntroCurve.uasset" 246
"../../../Engine/Content/Tutorial/Basics/ContentBrowserOverview.uasset" 247
"../../../Engine/Content/Tutorial/Basics/LevelEditorAttract.uasset" 248
"../../../Engine/Content/Tutorial/Basics/TutorialAssets/icon_tab_Levels_40x.uasset" 249
"../../../Engine/Content/Tutorial/Basics/LevelEditorOverview.uasset" 250
"../../../Engine/Content/VREditor/TransformGizmo/TranslucentTransformGizmoMaterial.uasset" 251
"../../../Engine/Content/VREditor/LaserPointer/VR_LaserPower_01.uasset" 252
"../../../Engine/Content/VREditor/TransformGizmo/TransformGizmoMaterial.uasset" 253
"../../../Engine/Content/VREditor/TransformGizmo/BoundingBoxCorner.uasset" 254
"../../../Engine/Content/VREditor/TransformGizmo/BoundingBoxEdge.uasset" 255
"../../../Engine/Content/VREditor/TransformGizmo/PlaneTranslationHandle.uasset" 256
"../../../Engine/Content/VREditor/TransformGizmo/Xray.uasset" 257
"../../../Engine/Content/VREditor/TransformGizmo/Main.uasset" 258
"../../../Engine/Content/VREditor/TransformGizmo/SM_Sequencer_Key.uasset" 259
"../../../Engine/Content/VREditor/TransformGizmo/SM_Sequencer_Node.uasset" 260
"../../Plugins/2D/Paper2D/Content/PlaceholderTextures/DummySpriteTexture.uasset" 261
"../../Plugins/2D/Paper2D/Content/DummySprite.uasset" 262
"../../Plugins/2D/Paper2D/Content/DefaultPaperTerrainMaterial.uasset" 263
"../../Plugins/2D/Paper2D/Content/DefaultSpriteMaterial.uasset" 264
"../../Plugins/2D/Paper2D/Content/MaskedUnlitSpriteMaterial.uasset" 265
"../../Plugins/2D/Paper2D/Content/OpaqueUnlitSpriteMaterial.uasset" 266
"../../../Engine/Content/Functions/Engine_MaterialFunctions02/Utility/BreakOutFloat3Components.uasset" 267
"../../Plugins/Editor/SpeedTreeImporter/Content/SpeedTree9/UnpackInteger3.uasset" 268
"../../Plugins/Editor/SpeedTreeImporter/Content/SpeedTree9/UnpackDirection.uasset" 269
"../../Plugins/Editor/SpeedTreeImporter/Content/SpeedTree9/game_wind_noise.uasset" 270
"../../../Engine/Content/Functions/Engine_MaterialFunctions02/SafeNormalize.uasset" 271
"../../Plugins/Editor/SpeedTreeImporter/Content/SpeedTree9/SpeedTreeWindMotion.uasset" 272
"../../Plugins/Editor/SpeedTreeImporter/Content/SpeedTree9/SpeedTreeBranchMotion.uasset" 273
"../../../Engine/Content/Functions/Engine_MaterialFunctions02/ObjectLocalBounds.uasset" 274
"../../../Engine/Content/Functions/Engine_MaterialFunctions02/UVs/BoundingBoxBased_0-1_UVW.uasset" 275
"../../Plugins/Editor/SpeedTreeImporter/Content/SpeedTree9/SpeedTreeWind.uasset" 276
"../../Plugins/Editor/SpeedTreeImporter/Content/SpeedTree9/SpeedTreeBillboard.uasset" 277
"../../../Engine/Content/EngineResources/DefaultTexture.uasset" 278
"../../Plugins/Editor/SpeedTreeImporter/Content/SpeedTree9/SpeedTreeBillboardMaster.uasset" 279
"../../Plugins/Editor/SpeedTreeImporter/Content/SpeedTree9/SpeedTreeCameraFacing.uasset" 280
"../../Plugins/Editor/SpeedTreeImporter/Content/SpeedTree9/SpeedTreeMaster.uasset" 281
"../../../Engine/Content/ArtTools/RenderToTexture/Materials/Debug/M_Emissive_Color.uasset" 282
"../../../Engine/Content/BasicShapes/Cylinder.uasset" 283
"../../Plugins/Lumin/MagicLeapPassableWorld/Content/MagicLeapARPinInfoActor.uasset" 284
"../../../Engine/Content/Functions/Engine_MaterialFunctions02/Utility/BreakOutFloat4Components.uasset" 285
"../../../Engine/Content/Functions/Engine_MaterialFunctions02/Utility/MakeFloat3.uasset" 286
"../../Plugins/Runtime/Oculus/OculusVR/Content/Materials/OculusMR_ChromaKey.uasset" 287
"../../Plugins/Runtime/Oculus/OculusVR/Content/Materials/OculusMR_OpaqueColoredMaterial.uasset" 288
"../../Plugins/Runtime/Oculus/OculusVR/Content/Materials/PokeAHoleMaterial.uasset" 289
"../../../../../Dev/UnrealProjects/Maze/Content/UI/MainMenu.uasset" 290
"../../../../../Dev/UnrealProjects/Maze/Content/Meshes/wall_mesh.uasset" 291
"../../../../../Dev/UnrealProjects/Maze/Content/Meshes/pillar_mesh.uasset" 292
"../../../Engine/Content/Functions/Engine_MaterialFunctions01/WorldPositionOffset/SimpleGrassWind.uasset" 293
"../../../../../Dev/UnrealProjects/Maze/Content/Materials/Grass_Mat.uasset" 294
"../../../../../Dev/UnrealProjects/Maze/Content/Meshes/grass_mesh.uasset" 295
"../../../Engine/Content/EngineSky/T_Sky_Stars.uasset" 296
"../../../Engine/Content/EngineSky/T_Sky_Clouds_M.uasset" 297
"../../../Engine/Content/EngineSky/T_Sky_Blue.uasset" 298
"../../../../../Dev/UnrealProjects/Maze/Content/Materials/Floor_Mat.uasset" 299
"../../../Engine/Content/EngineSky/M_Sky_Panning_Clouds2.uasset" 300
"../../../../../Dev/UnrealProjects/Maze/Content/Maps/MainMenu_BuiltData.uasset" 301
"../../../../../Dev/UnrealProjects/Maze/Content/Meshes/Gold_Mat.uasset" 302
"../../../../../Dev/UnrealProjects/Maze/Content/Meshes/platform_mesh.uasset" 303
"../../../../../Dev/UnrealProjects/Maze/Content/Blueprints/GoldPlatform.uasset" 304
"../../../Engine/Content/EngineSky/SM_SkySphere.uasset" 305
"../../../Engine/Content/EngineSky/C_Sky_Zenith_Color.uasset" 306
"../../../Engine/Content/EngineSky/C_Sky_Horizon_Color.uasset" 307
"../../../Engine/Content/EngineSky/C_Sky_Cloud_Color.uasset" 308
"../../../Engine/Content/EngineSky/BP_Sky_Sphere.uasset" 309
"../../../../../Dev/UnrealProjects/Maze/Content/Maps/MainMenu.umap" 310
"../../../../../Dev/UnrealProjects/Maze/Content/Sounds/LightlessDawn_Music.uasset" 311
"../../../../../Dev/UnrealProjects/Maze/Content/Meshes/wallbroken_mesh.uasset" 312
"../../../../../Dev/UnrealProjects/Maze/Content/Meshes/brick_mesh.uasset" 313
"../../../../../Dev/UnrealProjects/Maze/Content/Maps/Maze1_BuiltData.uasset" 314
"../../../../../Dev/UnrealProjects/Maze/Content/Sounds/Arrow_SFX.uasset" 315
"../../../../../Dev/UnrealProjects/Maze/Content/Materials/WallDecor_Mat.uasset" 316
"../../../../../Dev/UnrealProjects/Maze/Content/Materials/Black_Mat.uasset" 317
"../../../../../Dev/UnrealProjects/Maze/Content/Meshes/arrowshooter_mesh.uasset" 318
"../../../../../Dev/UnrealProjects/Maze/Content/Sounds/Hit_SFX.uasset" 319
"../../../../../Dev/UnrealProjects/Maze/Content/Materials/Silver_Mat.uasset" 320
"../../../../../Dev/UnrealProjects/Maze/Content/Meshes/arrow_mesh.uasset" 321
"../../../../../Dev/UnrealProjects/Maze/Content/Blueprints/Arrow_BP.uasset" 322
"../../../../../Dev/UnrealProjects/Maze/Content/Blueprints/Shooter_BP.uasset" 323
"../../../../../Dev/UnrealProjects/Maze/Content/Meshes/wallcracked_mesh.uasset" 324
"../../../../../Dev/UnrealProjects/Maze/Content/Sounds/DoorOpening_SFX.uasset" 325
"../../../../../Dev/UnrealProjects/Maze/Content/Meshes/door_mesh.uasset" 326
"../../../../../Dev/UnrealProjects/Maze/Content/Blueprints/Door_BP.uasset" 327
"../../../../../Dev/UnrealProjects/Maze/Content/Blueprints/Broken_Wall_BP.uasset" 328
"../../../../../Dev/UnrealProjects/Maze/Content/Blueprints/Brick_BP.uasset" 329
"../../../../../Dev/UnrealProjects/Maze/Content/Maps/Maze1.umap" 330
"../../../../../Dev/UnrealProjects/Maze/Content/Maps/Maze2_BuiltData.uasset" 331
"../../../../../Dev/UnrealProjects/Maze/Content/Maps/Maze2.umap" 332
"../../../../../Dev/UnrealProjects/Maze/Content/StarterContent/Materials/M_AssetPlatform.uasset" 333
"../../../../../Dev/UnrealProjects/Maze/Content/StarterContent/Architecture/SM_AssetPlatform.uasset" 334
"../../../../../Dev/UnrealProjects/Maze/Content/StarterContent/Blueprints/Assets/M_LightStage_Arrows.uasset" 335
"../../../Engine/Content/MapTemplates/Sky/DaylightAmbientCubemap.uasset" 336
"../../../../../Dev/UnrealProjects/Maze/Content/StarterContent/Blueprints/Assets/M_LightStage_Skybox_Master.uasset" 337
"../../../../../Dev/UnrealProjects/Maze/Content/StarterContent/Blueprints/Assets/M_LightStage_Skybox_HDRI.uasset" 338
"../../../../../Dev/UnrealProjects/Maze/Content/StarterContent/HDRI/HDRI_Epic_Courtyard_Daylight.uasset" 339
"../../../../../Dev/UnrealProjects/Maze/Content/StarterContent/Maps/Advanced_Lighting_BuiltData.uasset" 340
"../../../Engine/Content/EditorMeshes/ColorCalibrator/M_GreyBall.uasset" 341
"../../../Engine/Content/EditorMeshes/ColorCalibrator/Color_checker.uasset" 342
"../../../Engine/Content/EditorMeshes/ColorCalibrator/M_ColorGrid.uasset" 343
"../../../Engine/Content/EditorMeshes/ColorCalibrator/M_ClearCoatBlack.uasset" 344
"../../../Engine/Content/EditorMeshes/ColorCalibrator/M_ClearCoat.uasset" 345
"../../../Engine/Content/EditorMeshes/ColorCalibrator/M_ChromeBall.uasset" 346
"../../../Engine/Content/EditorMeshes/ColorCalibrator/SM_ColorCalibrator.uasset" 347
"../../../../../Dev/UnrealProjects/Maze/Content/StarterContent/Blueprints/Assets/FogBrightnessLUT.uasset" 348
"../../../../../Dev/UnrealProjects/Maze/Content/StarterContent/Blueprints/Assets/SunlightColorLUT.uasset" 349
"../../../../../Dev/UnrealProjects/Maze/Content/StarterContent/Blueprints/Assets/M_LightStage_Skybox_Black.uasset" 350
"../../../Engine/Content/EditorMaterials/Thumbnails/SkySphereMaterial.uasset" 351
"../../../../../Dev/UnrealProjects/Maze/Content/StarterContent/Blueprints/Assets/Skybox.uasset" 352
"../../../../../Dev/UnrealProjects/Maze/Content/StarterContent/Blueprints/Assets/SM_Arrows.uasset" 353
"../../../../../Dev/UnrealProjects/Maze/Content/StarterContent/Blueprints/BP_LightStudio.uasset" 354
"../../../../../Dev/UnrealProjects/Maze/Content/StarterContent/Maps/Advanced_Lighting.umap" 355
"../../../../../Dev/UnrealProjects/Maze/Content/StarterContent/Audio/Starter_Background_Cue.uasset" 356
"../../../../../Dev/UnrealProjects/Maze/Content/StarterContent/Architecture/Floor_400x400.uasset" 357
"../../../../../Dev/UnrealProjects/Maze/Content/StarterContent/Maps/Minimal_Default_BuiltData.uasset" 358
"../../../../../Dev/UnrealProjects/Maze/Content/StarterContent/Textures/T_MacroVariation.uasset" 359
"../../../../../Dev/UnrealProjects/Maze/Content/StarterContent/Materials/M_Metal_Brushed_Nickel.uasset" 360
"../../../../../Dev/UnrealProjects/Maze/Content/StarterContent/Textures/T_Metal_Gold_N.uasset" 361
"../../../../../Dev/UnrealProjects/Maze/Content/StarterContent/Textures/T_Metal_Aluminum_D.uasset" 362
"../../../../../Dev/UnrealProjects/Maze/Content/StarterContent/Materials/M_Metal_Burnished_Steel.uasset" 363
"../../../../../Dev/UnrealProjects/Maze/Content/StarterContent/Textures/T_Metal_Copper_D.uasset" 364
"../../../../../Dev/UnrealProjects/Maze/Content/StarterContent/Materials/M_Metal_Copper.uasset" 365
"../../../../../Dev/UnrealProjects/Maze/Content/StarterContent/Textures/T_Statue_N.uasset" 366
"../../../../../Dev/UnrealProjects/Maze/Content/StarterContent/Textures/T_Statue_M.uasset" 367
"../../../../../Dev/UnrealProjects/Maze/Content/StarterContent/Props/Materials/M_StatueGlass.uasset" 368
"../../../../../Dev/UnrealProjects/Maze/Content/StarterContent/Props/SM_Chair.uasset" 369
"../../../../../Dev/UnrealProjects/Maze/Content/StarterContent/Props/Materials/M_Statue.uasset" 370
"../../../../../Dev/UnrealProjects/Maze/Content/StarterContent/Props/SM_Statue.uasset" 371
"../../../../../Dev/UnrealProjects/Maze/Content/StarterContent/Textures/T_TableRound_N.uasset" 372
"../../../../../Dev/UnrealProjects/Maze/Content/StarterContent/Textures/T_TableRound_M.uasset" 373
"../../../../../Dev/UnrealProjects/Maze/Content/StarterContent/Props/Materials/M_TableRound.uasset" 374
"../../../../../Dev/UnrealProjects/Maze/Content/StarterContent/Props/SM_TableRound.uasset" 375
"../../../../../Dev/UnrealProjects/Maze/Content/StarterContent/Maps/Minimal_Default.umap" 376
"../../../../../Dev/UnrealProjects/Maze/Content/StarterContent/Shapes/Shape_Sphere.uasset" 377
"../../../../../Dev/UnrealProjects/Maze/Content/StarterContent/Shapes/Shape_QuadPyramid.uasset" 378
"../../../../../Dev/UnrealProjects/Maze/Content/StarterContent/Shapes/Shape_Cube.uasset" 379
"../../../../../Dev/UnrealProjects/Maze/Content/StarterContent/Textures/T_Frame_N.uasset" 380
"../../../../../Dev/UnrealProjects/Maze/Content/StarterContent/Textures/T_Frame_M.uasset" 381
"../../../../../Dev/UnrealProjects/Maze/Content/StarterContent/Props/Materials/M_Frame.uasset" 382
"../../../../../Dev/UnrealProjects/Maze/Content/StarterContent/Props/SM_WindowFrame.uasset" 383
"../../../../../Dev/UnrealProjects/Maze/Content/StarterContent/Props/SM_PillarFrame300.uasset" 384
"../../../../../Dev/UnrealProjects/Maze/Content/StarterContent/Props/SM_PillarFrame.uasset" 385
"../../../../../Dev/UnrealProjects/Maze/Content/StarterContent/Props/SM_GlassWindow.uasset" 386
"../../../../../Dev/UnrealProjects/Maze/Content/StarterContent/Props/SM_DoorFrame.uasset" 387
"../../../../../Dev/UnrealProjects/Maze/Content/StarterContent/Props/SM_CornerFrame.uasset" 388
"../../../../../Dev/UnrealProjects/Maze/Content/StarterContent/Props/MaterialSphere.uasset" 389
"../../../../../Dev/UnrealProjects/Maze/Content/StarterContent/Textures/T_Dust_Particle_D.uasset" 390
"../../../../../Dev/UnrealProjects/Maze/Content/StarterContent/Particles/Materials/M_Dust_Particle.uasset" 391
"../../../../../Dev/UnrealProjects/Maze/Content/StarterContent/Particles/P_Ambient_Dust.uasset" 392
"../../../../../Dev/UnrealProjects/Maze/Content/StarterContent/Textures/T_Wood_Walnut_N.uasset" 393
"../../../../../Dev/UnrealProjects/Maze/Content/StarterContent/Textures/T_Wood_Walnut_D.uasset" 394
"../../../../../Dev/UnrealProjects/Maze/Content/StarterContent/Materials/M_Wood_Walnut.uasset" 395
"../../../../../Dev/UnrealProjects/Maze/Content/StarterContent/Textures/T_Wood_Pine_N.uasset" 396
"../../../../../Dev/UnrealProjects/Maze/Content/StarterContent/Textures/T_Wood_Pine_D.uasset" 397
"../../../../../Dev/UnrealProjects/Maze/Content/StarterContent/Textures/T_Perlin_Noise_M.uasset" 398
"../../../../../Dev/UnrealProjects/Maze/Content/StarterContent/Materials/M_Wood_Pine.uasset" 399
"../../../../../Dev/UnrealProjects/Maze/Content/StarterContent/Textures/T_Wood_Oak_N.uasset" 400
"../../../../../Dev/UnrealProjects/Maze/Content/StarterContent/Textures/T_Wood_Oak_D.uasset" 401
"../../../../../Dev/UnrealProjects/Maze/Content/StarterContent/Materials/M_Wood_Oak.uasset" 402
"../../../Engine/Content/Functions/Engine_MaterialFunctions01/Opacity/AlphaOffset.uasset" 403
"../../../../../Dev/UnrealProjects/Maze/Content/StarterContent/Textures/T_Wood_Floor_Walnut_N.uasset" 404
"../../../../../Dev/UnrealProjects/Maze/Content/StarterContent/Textures/T_Wood_Floor_Walnut_M.uasset" 405
"../../../../../Dev/UnrealProjects/Maze/Content/StarterContent/Textures/T_Wood_Floor_Walnut_D.uasset" 406
"../../../../../Dev/UnrealProjects/Maze/Content/StarterContent/Materials/M_Wood_Floor_Walnut_Worn.uasset" 407
"../../../../../Dev/UnrealProjects/Maze/Content/StarterContent/Materials/M_Wood_Floor_Walnut_Polished.uasset" 408
"../../../../../Dev/UnrealProjects/Maze/Content/StarterContent/Textures/T_Water_M.uasset" 409
"../../../../../Dev/UnrealProjects/Maze/Content/StarterContent/Textures/T_Water_N.uasset" 410
"../../../../../Dev/UnrealProjects/Maze/Content/StarterContent/Materials/M_Water_Ocean.uasset" 411
"../../../../../Dev/UnrealProjects/Maze/Content/StarterContent/Materials/M_Water_Lake.uasset" 412
"../../../../../Dev/UnrealProjects/Maze/Content/StarterContent/Textures/T_Tech_Panel_N.uasset" 413
"../../../../../Dev/UnrealProjects/Maze/Content/StarterContent/Textures/T_Tech_Panel_M.uasset" 414
"../../../../../Dev/UnrealProjects/Maze/Content/StarterContent/Textures/T_Metal_Steel_D.uasset" 415
"../../../../../Dev/UnrealProjects/Maze/Content/StarterContent/Materials/M_Tech_Panel.uasset" 416
"../../../../../Dev/UnrealProjects/Maze/Content/StarterContent/Textures/T_Tech_Hex_Tile_N.uasset" 417
"../../../../../Dev/UnrealProjects/Maze/Content/StarterContent/Textures/T_Tech_Hex_Tile_M.uasset" 418
"../../../../../Dev/UnrealProjects/Maze/Content/StarterContent/Materials/M_Tech_Hex_Tile_Pulse.uasset" 419
"../../../../../Dev/UnrealProjects/Maze/Content/StarterContent/Materials/M_Tech_Hex_Tile.uasset" 420
"../../../../../Dev/UnrealProjects/Maze/Content/StarterContent/Audio/Collapse_Cue.uasset" 421
"../../../../../Dev/UnrealProjects/Maze/Content/StarterContent/Architecture/Wall_Window_400x300.uasset" 422
"../../../../../Dev/UnrealProjects/Maze/Content/StarterContent/Architecture/Wall_Door_400x300.uasset" 423
"../../../../../Dev/UnrealProjects/Maze/Content/StarterContent/Architecture/Wall_400x200.uasset" 424
"../../../../../Dev/UnrealProjects/Maze/Content/StarterContent/Textures/T_Concrete_Poured_N.uasset" 425
"../../../../../Dev/UnrealProjects/Maze/Content/StarterContent/Textures/T_Concrete_Poured_D.uasset" 426
"../../../../../Dev/UnrealProjects/Maze/Content/StarterContent/Materials/M_Concrete_Poured.uasset" 427
"../../../../../Dev/UnrealProjects/Maze/Content/StarterContent/Maps/StarterMap_BuiltData.uasset" 428
"../../../Engine/Content/Functions/Engine_MaterialFunctions03/Procedurals/ComputeFilterWidth.uasset" 429
"../../../Engine/Content/EngineMaterials/AntiAliasedTextMaterialTranslucent.uasset" 430
"../../../../../Dev/UnrealProjects/Maze/Content/StarterContent/Textures/T_Brick_Clay_Beveled_N.uasset" 431
"../../../../../Dev/UnrealProjects/Maze/Content/StarterContent/Textures/T_Brick_Clay_Beveled_M.uasset" 432
"../../../../../Dev/UnrealProjects/Maze/Content/StarterContent/Textures/T_Brick_Clay_Beveled_D.uasset" 433
"../../../../../Dev/UnrealProjects/Maze/Content/StarterContent/Materials/M_Brick_Clay_Beveled.uasset" 434
"../../../../../Dev/UnrealProjects/Maze/Content/StarterContent/Textures/T_Brick_Clay_New_N.uasset" 435
"../../../../../Dev/UnrealProjects/Maze/Content/StarterContent/Textures/T_Brick_Clay_New_M.uasset" 436
"../../../../../Dev/UnrealProjects/Maze/Content/StarterContent/Textures/T_Brick_Clay_New_D.uasset" 437
"../../../../../Dev/UnrealProjects/Maze/Content/StarterContent/Materials/M_Brick_Clay_New.uasset" 438
"../../../../../Dev/UnrealProjects/Maze/Content/StarterContent/Textures/T_Brick_Clay_Old_N.uasset" 439
"../../../../../Dev/UnrealProjects/Maze/Content/StarterContent/Textures/T_Brick_Clay_Old_D.uasset" 440
"../../../../../Dev/UnrealProjects/Maze/Content/StarterContent/Materials/M_Brick_Clay_Old.uasset" 441
"../../../../../Dev/UnrealProjects/Maze/Content/StarterContent/Textures/T_Brick_Cut_Stone_N.uasset" 442
"../../../../../Dev/UnrealProjects/Maze/Content/StarterContent/Textures/T_Brick_Cut_Stone_D.uasset" 443
"../../../../../Dev/UnrealProjects/Maze/Content/StarterContent/Materials/M_Brick_Cut_Stone.uasset" 444
"../../../../../Dev/UnrealProjects/Maze/Content/StarterContent/Textures/T_Brick_Hewn_Stone_N.uasset" 445
"../../../../../Dev/UnrealProjects/Maze/Content/StarterContent/Textures/T_Brick_Hewn_Stone_M.uasset" 446
"../../../../../Dev/UnrealProjects/Maze/Content/StarterContent/Textures/T_Brick_Hewn_Stone_D.uasset" 447
"../../../../../Dev/UnrealProjects/Maze/Content/StarterContent/Materials/M_Brick_Hewn_Stone.uasset" 448
"../../../../../Dev/UnrealProjects/Maze/Content/StarterContent/Textures/T_Rock_Marble_Polished_D.uasset" 449
"../../../../../Dev/UnrealProjects/Maze/Content/StarterContent/Textures/T_Ceramic_Tile_N.uasset" 450
"../../../../../Dev/UnrealProjects/Maze/Content/StarterContent/Textures/T_Ceramic_Tile_M.uasset" 451
"../../../../../Dev/UnrealProjects/Maze/Content/StarterContent/Materials/M_Ceramic_Tile_Checker.uasset" 452
"../../../../../Dev/UnrealProjects/Maze/Content/StarterContent/Textures/T_CobbleStone_Pebble_N.uasset" 453
"../../../../../Dev/UnrealProjects/Maze/Content/StarterContent/Textures/T_CobbleStone_Pebble_M.uasset" 454
"../../../../../Dev/UnrealProjects/Maze/Content/StarterContent/Textures/T_CobbleStone_Pebble_D.uasset" 455
"../../../../../Dev/UnrealProjects/Maze/Content/StarterContent/Materials/M_CobbleStone_Pebble.uasset" 456
"../../../../../Dev/UnrealProjects/Maze/Content/StarterContent/Textures/T_Rock_Smooth_Granite_D.uasset" 457
"../../../../../Dev/UnrealProjects/Maze/Content/StarterContent/Textures/T_Gradinet_01.uasset" 458
"../../../../../Dev/UnrealProjects/Maze/Content/StarterContent/Textures/T_CobbleStone_Rough_N.uasset" 459
"../../../../../Dev/UnrealProjects/Maze/Content/StarterContent/Textures/T_CobbleStone_Rough_D.uasset" 460
"../../../../../Dev/UnrealProjects/Maze/Content/StarterContent/Materials/M_CobbleStone_Rough.uasset" 461
"../../../../../Dev/UnrealProjects/Maze/Content/StarterContent/Textures/T_CobbleStone_Smooth_N.uasset" 462
"../../../../../Dev/UnrealProjects/Maze/Content/StarterContent/Textures/T_CobbleStone_Smooth_M.uasset" 463
"../../../../../Dev/UnrealProjects/Maze/Content/StarterContent/Textures/T_CobbleStone_Smooth_D.uasset" 464
"../../../../../Dev/UnrealProjects/Maze/Content/StarterContent/Materials/M_CobbleStone_Smooth.uasset" 465
"../../../../../Dev/UnrealProjects/Maze/Content/StarterContent/Textures/T_Metal_Rust_N.uasset" 466
"../../../../../Dev/UnrealProjects/Maze/Content/StarterContent/Textures/T_Concrete_Grime_D.uasset" 467
"../../../../../Dev/UnrealProjects/Maze/Content/StarterContent/Materials/M_Concrete_Grime.uasset" 468
"../../../../../Dev/UnrealProjects/Maze/Content/StarterContent/Textures/T_Concrete_Panels_N.uasset" 469
"../../../../../Dev/UnrealProjects/Maze/Content/StarterContent/Textures/T_Concrete_Panels_D.uasset" 470
"../../../../../Dev/UnrealProjects/Maze/Content/StarterContent/Materials/M_Concrete_Panels.uasset" 471
"../../../../../Dev/UnrealProjects/Maze/Content/StarterContent/Textures/T_Concrete_Tiles_Variation_M.uasset" 472
"../../../../../Dev/UnrealProjects/Maze/Content/StarterContent/Textures/T_Concrete_Tiles_N.uasset" 473
"../../../../../Dev/UnrealProjects/Maze/Content/StarterContent/Textures/T_Concrete_Tiles_M.uasset" 474
"../../../../../Dev/UnrealProjects/Maze/Content/StarterContent/Textures/T_Concrete_Tiles_D.uasset" 475
"../../../../../Dev/UnrealProjects/Maze/Content/StarterContent/Materials/M_Concrete_Tiles.uasset" 476
"../../../../../Dev/UnrealProjects/Maze/Content/StarterContent/Textures/T_Ground_Grass_N.uasset" 477
"../../../../../Dev/UnrealProjects/Maze/Content/StarterContent/Textures/T_Ground_Grass_D.uasset" 478
"../../../../../Dev/UnrealProjects/Maze/Content/StarterContent/Materials/M_Ground_Grass.uasset" 479
"../../../../../Dev/UnrealProjects/Maze/Content/StarterContent/Textures/T_Ground_Gravel_N.uasset" 480
"../../../../../Dev/UnrealProjects/Maze/Content/StarterContent/Textures/T_Ground_Gravel_D.uasset" 481
"../../../../../Dev/UnrealProjects/Maze/Content/StarterContent/Materials/M_Ground_Gravel.uasset" 482
"../../../../../Dev/UnrealProjects/Maze/Content/StarterContent/Textures/T_Ground_Moss_N.uasset" 483
"../../../../../Dev/UnrealProjects/Maze/Content/StarterContent/Textures/T_ground_Moss_D.uasset" 484
"../../../../../Dev/UnrealProjects/Maze/Content/StarterContent/Materials/M_Ground_Moss.uasset" 485
"../../../../../Dev/UnrealProjects/Maze/Content/StarterContent/Materials/M_Metal_Chrome.uasset" 486
"../../../../../Dev/UnrealProjects/Maze/Content/StarterContent/Textures/T_Metal_Gold_D.uasset" 487
"../../../../../Dev/UnrealProjects/Maze/Content/StarterContent/Materials/M_Metal_Gold.uasset" 488
"../../../../../Dev/UnrealProjects/Maze/Content/StarterContent/Textures/T_Metal_Rust_D.uasset" 489
"../../../../../Dev/UnrealProjects/Maze/Content/StarterContent/Materials/M_Metal_Rust.uasset" 490
"../../../../../Dev/UnrealProjects/Maze/Content/StarterContent/Textures/T_Metal_Steel_N.uasset" 491
"../../../../../Dev/UnrealProjects/Maze/Content/StarterContent/Materials/M_Metal_Steel.uasset" 492
"../../../../../Dev/UnrealProjects/Maze/Content/StarterContent/Textures/T_Rock_Basalt_N.uasset" 493
"../../../../../Dev/UnrealProjects/Maze/Content/StarterContent/Materials/M_Rock_Basalt.uasset" 494
"../../../../../Dev/UnrealProjects/Maze/Content/StarterContent/Materials/M_Rock_Marble_Polished.uasset" 495
"../../../../../Dev/UnrealProjects/Maze/Content/StarterContent/Textures/T_Rock_Sandstone_N.uasset" 496
"../../../../../Dev/UnrealProjects/Maze/Content/StarterContent/Textures/T_Rock_Sandstone_D.uasset" 497
"../../../../../Dev/UnrealProjects/Maze/Content/StarterContent/Materials/M_Rock_Sandstone.uasset" 498
"../../../../../Dev/UnrealProjects/Maze/Content/StarterContent/Textures/T_Rock_Slate_N.uasset" 499
"../../../../../Dev/UnrealProjects/Maze/Content/StarterContent/Textures/T_Rock_Slate_D.uasset" 500
"../../../../../Dev/UnrealProjects/Maze/Content/StarterContent/Materials/M_Rock_Slate.uasset" 501
"../../../../../Dev/UnrealProjects/Maze/Content/StarterContent/Audio/Starter_Music_Cue.uasset" 502
"../../../../../Dev/UnrealProjects/Maze/Content/StarterContent/Textures/T_Lamp_N.uasset" 503
"../../../../../Dev/UnrealProjects/Maze/Content/StarterContent/Textures/T_Lamp_M.uasset" 504
"../../../../../Dev/UnrealProjects/Maze/Content/StarterContent/Props/Materials/M_Lamp.uasset" 505
"../../../../../Dev/UnrealProjects/Maze/Content/StarterContent/Props/SM_Lamp_Ceiling.uasset" 506
"../../../../../Dev/UnrealProjects/Maze/Content/StarterContent/Blueprints/Blueprint_CeilingLight.uasset" 507
"../../../../../Dev/UnrealProjects/Maze/Content/StarterContent/Audio/Fire01_Cue.uasset" 508
"../../../../../Dev/UnrealProjects/Maze/Content/StarterContent/Particles/Materials/M_Radial_Gradient.uasset" 509
"../../../../../Dev/UnrealProjects/Maze/Content/StarterContent/Particles/Materials/M_Heat_Distortion.uasset" 510
"../../../../../Dev/UnrealProjects/Maze/Content/StarterContent/Textures/T_Fire_Tiled_D.uasset" 511
"../../../../../Dev/UnrealProjects/Maze/Content/StarterContent/Textures/T_Fire_SubUV.uasset" 512
"../../../../../Dev/UnrealProjects/Maze/Content/StarterContent/Particles/Materials/M_Fire_SubUV.uasset" 513
"../../../../../Dev/UnrealProjects/Maze/Content/StarterContent/Particles/P_Fire.uasset" 514
"../../../../../Dev/UnrealProjects/Maze/Content/StarterContent/Blueprints/Blueprint_Effect_Fire.uasset" 515
"../../../../../Dev/UnrealProjects/Maze/Content/StarterContent/Audio/Smoke01_Cue.uasset" 516
"../../../../../Dev/UnrealProjects/Maze/Content/StarterContent/Particles/P_Smoke.uasset" 517
"../../../../../Dev/UnrealProjects/Maze/Content/StarterContent/Blueprints/Blueprint_Effect_Smoke.uasset" 518
"../../../../../Dev/UnrealProjects/Maze/Content/StarterContent/Audio/Fire_Sparks01_Cue.uasset" 519
"../../../../../Dev/UnrealProjects/Maze/Content/StarterContent/Textures/T_Spark_Core.uasset" 520
"../../../../../Dev/UnrealProjects/Maze/Content/StarterContent/Particles/Materials/M_Spark.uasset" 521
"../../../../../Dev/UnrealProjects/Maze/Content/StarterContent/Particles/P_Sparks.uasset" 522
"../../../../../Dev/UnrealProjects/Maze/Content/StarterContent/Blueprints/Blueprint_Effect_Sparks.uasset" 523
"../../../../../Dev/UnrealProjects/Maze/Content/StarterContent/Audio/Steam01_Cue.uasset" 524
"../../../../../Dev/UnrealProjects/Maze/Content/StarterContent/Particles/P_Steam_Lit.uasset" 525
"../../../../../Dev/UnrealProjects/Maze/Content/StarterContent/Blueprints/Blueprint_Effect_Steam.uasset" 526
"../../../../../Dev/UnrealProjects/Maze/Content/StarterContent/Props/SM_Lamp_Wall.uasset" 527
"../../../../../Dev/UnrealProjects/Maze/Content/StarterContent/Blueprints/Blueprint_WallSconce.uasset" 528
"../../../../../Dev/UnrealProjects/Maze/Content/StarterContent/Textures/T_Tech_Dot_N.uasset" 529
"../../../../../Dev/UnrealProjects/Maze/Content/StarterContent/Textures/T_Tech_Dot_M.uasset" 530
"../../../../../Dev/UnrealProjects/Maze/Content/StarterContent/Textures/T_Single_Tile_N.uasset" 531
"../../../../../Dev/UnrealProjects/Maze/Content/StarterContent/Textures/T_Checker_Noise_M.uasset" 532
"../../../../../Dev/UnrealProjects/Maze/Content/StarterContent/Materials/M_Tech_Checker_Dot.uasset" 533
"../../../../../Dev/UnrealProjects/Maze/Content/StarterContent/Maps/StarterMap.umap" 534
"../../../Engine/Content/Maps/Entry_BuiltData.uasset" 535
"../../../Engine/Content/Maps/Entry.umap" 536
